2025-12-11 20:44:44.889 +02:00 [DBG] Registered model binder providers, in the following order: ["Microsoft.AspNetCore.Mvc.ModelBinding.Binders.BinderTypeModelBinderProvider","Microsoft.AspNetCore.Mvc.ModelBinding.Binders.ServicesModelBinderProvider","Microsoft.AspNetCore.Mvc.ModelBinding.Binders.BodyModelBinderProvider","Microsoft.AspNetCore.Mvc.ModelBinding.Binders.HeaderModelBinderProvider","Microsoft.AspNetCore.Mvc.ModelBinding.Binders.FloatingPointTypeModelBinderProvider","Microsoft.AspNetCore.Mvc.ModelBinding.Binders.EnumTypeModelBinderProvider","Microsoft.AspNetCore.Mvc.ModelBinding.Binders.DateTimeModelBinderProvider","Microsoft.AspNetCore.Mvc.ModelBinding.Binders.SimpleTypeModelBinderProvider","Microsoft.AspNetCore.Mvc.ModelBinding.Binders.TryParseModelBinderProvider","Microsoft.AspNetCore.Mvc.ModelBinding.Binders.CancellationTokenModelBinderProvider","Microsoft.AspNetCore.Mvc.ModelBinding.Binders.ByteArrayModelBinderProvider","Microsoft.AspNetCore.Mvc.ModelBinding.Binders.FormFileModelBinderProvider","Microsoft.AspNetCore.Mvc.ModelBinding.Binders.FormCollectionModelBinderProvider","Microsoft.AspNetCore.Mvc.ModelBinding.Binders.KeyValuePairModelBinderProvider","Microsoft.AspNetCore.Mvc.ModelBinding.Binders.DictionaryModelBinderProvider","Microsoft.AspNetCore.Mvc.ModelBinding.Binders.ArrayModelBinderProvider","Microsoft.AspNetCore.Mvc.ModelBinding.Binders.CollectionModelBinderProvider","Microsoft.AspNetCore.Mvc.ModelBinding.Binders.ComplexObjectModelBinderProvider"]
2025-12-11 20:44:45.473 +02:00 [DBG] Hosting starting
2025-12-11 20:44:45.495 +02:00 [INF] User profile is available. Using 'C:\Users\ochim\AppData\Local\ASP.NET\DataProtection-Keys' as key repository and Windows DPAPI to encrypt keys at rest.
2025-12-11 20:44:45.512 +02:00 [DBG] Reading data from file 'C:\Users\ochim\AppData\Local\ASP.NET\DataProtection-Keys\key-181e6058-cd26-485b-8026-2a7d41fd6273.xml'.
2025-12-11 20:44:45.580 +02:00 [DBG] Reading data from file 'C:\Users\ochim\AppData\Local\ASP.NET\DataProtection-Keys\key-2ae28ca5-e481-46e6-8ad1-88a94d24b26d.xml'.
2025-12-11 20:44:45.615 +02:00 [DBG] Reading data from file 'C:\Users\ochim\AppData\Local\ASP.NET\DataProtection-Keys\key-6b4891f2-82cb-4738-9b14-7def2026b627.xml'.
2025-12-11 20:44:45.659 +02:00 [DBG] Reading data from file 'C:\Users\ochim\AppData\Local\ASP.NET\DataProtection-Keys\key-6dfc9c09-c036-40a9-a1a7-c803e178a8ef.xml'.
2025-12-11 20:44:45.701 +02:00 [DBG] Reading data from file 'C:\Users\ochim\AppData\Local\ASP.NET\DataProtection-Keys\key-9b5b57f7-a1b2-4158-9891-d037f293776c.xml'.
2025-12-11 20:44:45.756 +02:00 [DBG] Reading data from file 'C:\Users\ochim\AppData\Local\ASP.NET\DataProtection-Keys\key-a186d219-1afd-4c89-bf9c-cef63dae4ddf.xml'.
2025-12-11 20:44:45.802 +02:00 [DBG] Reading data from file 'C:\Users\ochim\AppData\Local\ASP.NET\DataProtection-Keys\key-afdc243d-e30e-4dbb-83cb-0b0847c3ba53.xml'.
2025-12-11 20:44:45.843 +02:00 [DBG] Reading data from file 'C:\Users\ochim\AppData\Local\ASP.NET\DataProtection-Keys\key-e6c43be7-f400-4dfa-a5b0-3618ef36fd39.xml'.
2025-12-11 20:44:45.891 +02:00 [DBG] Found key {181e6058-cd26-485b-8026-2a7d41fd6273}.
2025-12-11 20:44:45.896 +02:00 [DBG] Found key {2ae28ca5-e481-46e6-8ad1-88a94d24b26d}.
2025-12-11 20:44:45.898 +02:00 [DBG] Found key {6b4891f2-82cb-4738-9b14-7def2026b627}.
2025-12-11 20:44:45.901 +02:00 [DBG] Found key {6dfc9c09-c036-40a9-a1a7-c803e178a8ef}.
2025-12-11 20:44:45.903 +02:00 [DBG] Found key {9b5b57f7-a1b2-4158-9891-d037f293776c}.
2025-12-11 20:44:45.904 +02:00 [DBG] Found key {a186d219-1afd-4c89-bf9c-cef63dae4ddf}.
2025-12-11 20:44:45.906 +02:00 [DBG] Found key {afdc243d-e30e-4dbb-83cb-0b0847c3ba53}.
2025-12-11 20:44:45.909 +02:00 [DBG] Found key {e6c43be7-f400-4dfa-a5b0-3618ef36fd39}.
2025-12-11 20:44:45.918 +02:00 [DBG] Considering key {e6c43be7-f400-4dfa-a5b0-3618ef36fd39} with expiration date 2026-02-09 16:40:55Z as default key.
2025-12-11 20:44:45.928 +02:00 [DBG] Forwarded activator type request from Microsoft.AspNetCore.DataProtection.XmlEncryption.DpapiXmlDecryptor, Microsoft.AspNetCore.DataProtection, Version=9.0.0.0, Culture=neutral, PublicKeyToken=adb9793829ddae60 to Microsoft.AspNetCore.DataProtection.XmlEncryption.DpapiXmlDecryptor, Microsoft.AspNetCore.DataProtection, Culture=neutral, PublicKeyToken=adb9793829ddae60
2025-12-11 20:44:45.933 +02:00 [DBG] Decrypting secret element using Windows DPAPI.
2025-12-11 20:44:45.937 +02:00 [DBG] Forwarded activator type request from Microsoft.AspNetCore.DataProtection.AuthenticatedEncryption.ConfigurationModel.AuthenticatedEncryptorDescriptorDeserializer, Microsoft.AspNetCore.DataProtection, Version=9.0.0.0, Culture=neutral, PublicKeyToken=adb9793829ddae60 to Microsoft.AspNetCore.DataProtection.AuthenticatedEncryption.ConfigurationModel.AuthenticatedEncryptorDescriptorDeserializer, Microsoft.AspNetCore.DataProtection, Culture=neutral, PublicKeyToken=adb9793829ddae60
2025-12-11 20:44:45.995 +02:00 [DBG] Opening CNG algorithm 'AES' from provider 'null' with chaining mode CBC.
2025-12-11 20:44:46.025 +02:00 [DBG] Opening CNG algorithm 'SHA256' from provider 'null' with HMAC.
2025-12-11 20:44:46.046 +02:00 [DBG] Using key {e6c43be7-f400-4dfa-a5b0-3618ef36fd39} as the default key.
2025-12-11 20:44:46.049 +02:00 [DBG] Key ring with default key {e6c43be7-f400-4dfa-a5b0-3618ef36fd39} was loaded during application startup.
2025-12-11 20:44:46.130 +02:00 [DBG] Middleware configuration started with options: {AllowedHosts = *, AllowEmptyHosts = True, IncludeFailureMessage = True}
2025-12-11 20:44:46.135 +02:00 [DBG] Wildcard detected, all requests with hosts will be allowed.
2025-12-11 20:44:46.379 +02:00 [WRN] The ASP.NET Core developer certificate is not trusted. For information about trusting the ASP.NET Core developer certificate, see https://aka.ms/aspnet/https-trust-dev-cert
2025-12-11 20:44:46.443 +02:00 [INF] Now listening on: https://localhost:5016
2025-12-11 20:44:46.445 +02:00 [DBG] Loaded hosting startup assembly KioskAPI
2025-12-11 20:44:46.447 +02:00 [INF] Application started. Press Ctrl+C to shut down.
2025-12-11 20:44:46.449 +02:00 [INF] Hosting environment: Development
2025-12-11 20:44:46.452 +02:00 [INF] Content root path: C:\Users\ochim\.vscode\self-serviceKioskReact-main\KioskAPI
2025-12-11 20:44:46.453 +02:00 [DBG] Hosting started
2025-12-11 20:45:08.462 +02:00 [INF] Application is shutting down...
2025-12-11 20:45:08.462 +02:00 [DBG] Hosting stopping
2025-12-11 20:45:08.469 +02:00 [DBG] Hosting stopped
